<?xml version="1.0" encoding="UTF-8" standalone="no"?>
<!DOCTYPE log SYSTEM "logger.dtd">
<log>
<record>
  <date>2025-07-04T10:36:56.847-0300</date>
  <logger>YASMIM DANTAS DA COSTA SOUZA</logger>
  <level>FINE</level>
  <message>File 124110564-YASMIM DANTAS DA COSTA SOUZA.zip was received. It was sent by YASMIM DANTAS DA COSTA SOUZA from IP 150.165.42.105 at 04-07-2025 10*36*56</message>
</record>
</log>
<?xml version="1.0" encoding="UTF-8" standalone="no"?>
<!DOCTYPE log SYSTEM "logger.dtd">
<log>
<record>
  <date>2025-07-04T11:06:18.802-0300</date>
  <logger>YASMIM DANTAS DA COSTA SOUZA</logger>
  <level>FINE</level>
  <message>File 124110564-YASMIM DANTAS DA COSTA SOUZA.zip was received. It was sent by YASMIM DANTAS DA COSTA SOUZA from IP 150.165.42.105 at 04-07-2025 11*06*18</message>
</record>
</log>
<?xml version="1.0" encoding="UTF-8" standalone="no"?>
<!DOCTYPE log SYSTEM "logger.dtd">
<log>
<record>
  <date>2025-07-04T17:35:38.006-0300</date>
  <logger>YASMIM DANTAS DA COSTA SOUZA</logger>
  <level>FINE</level>
  <message>File 124110564-YASMIM DANTAS DA COSTA SOUZA.zip was received. It was sent by YASMIM DANTAS DA COSTA SOUZA from IP 192.168.0.103 at 04-07-2025 17*35*37</message>
</record>
</log>
<?xml version="1.0" encoding="UTF-8" standalone="no"?>
<!DOCTYPE log SYSTEM "logger.dtd">
<log>
<record>
  <date>2025-07-04T23:07:47.587-0300</date>
  <logger>YASMIM DANTAS DA COSTA SOUZA</logger>
  <level>FINE</level>
  <message>File 124110564-YASMIM DANTAS DA COSTA SOUZA.zip was received. It was sent by YASMIM DANTAS DA COSTA SOUZA from IP 192.168.0.103 at 04-07-2025 23*07*47</message>
</record>
</log>
<?xml version="1.0" encoding="UTF-8" standalone="no"?>
<!DOCTYPE log SYSTEM "logger.dtd">
<log>
<record>
  <date>2025-07-04T23:09:14.477-0300</date>
  <logger>YASMIM DANTAS DA COSTA SOUZA</logger>
  <level>FINE</level>
  <message>File 124110564-YASMIM DANTAS DA COSTA SOUZA.zip was received. It was sent by YASMIM DANTAS DA COSTA SOUZA from IP 192.168.0.103 at 04-07-2025 23*09*14</message>
</record>
</log>
<?xml version="1.0" encoding="UTF-8" standalone="no"?>
<!DOCTYPE log SYSTEM "logger.dtd">
<log>
<record>
  <date>2025-07-04T23:22:17.404-0300</date>
  <logger>YASMIM DANTAS DA COSTA SOUZA</logger>
  <level>FINE</level>
  <message>File 124110564-YASMIM DANTAS DA COSTA SOUZA.zip was received. It was sent by YASMIM DANTAS DA COSTA SOUZA from IP 192.168.0.103 at 04-07-2025 23*22*17</message>
</record>
