<?xml version="1.0" encoding="UTF-8" standalone="no"?>
<!DOCTYPE log SYSTEM "logger.dtd">
<log>
<record>
  <date>2025-06-25T09:20:46.640-0300</date>
  <logger>YASMIM DANTAS DA COSTA SOUZA</logger>
  <level>FINE</level>
  <message>File 124110564-YASMIM DANTAS DA COSTA SOUZA.zip was received. It was sent by YASMIM DANTAS DA COSTA SOUZA from IP 192.168.0.100 at 25-06-2025 09*20*46</message>
</record>
</log>
<?xml version="1.0" encoding="UTF-8" standalone="no"?>
<!DOCTYPE log SYSTEM "logger.dtd">
<log>
<record>
  <date>2025-06-25T19:43:54.706-0300</date>
  <logger>YASMIM DANTAS DA COSTA SOUZA</logger>
  <level>FINE</level>
  <message>File 124110564-YASMIM DANTAS DA COSTA SOUZA.zip was received. It was sent by YASMIM DANTAS DA COSTA SOUZA from IP 192.168.0.100 at 25-06-2025 19*43*54</message>
</record>
</log>
<?xml version="1.0" encoding="UTF-8" standalone="no"?>
<!DOCTYPE log SYSTEM "logger.dtd">
<log>
<record>
  <date>2025-06-29T22:38:22.051-0300</date>
  <logger>YASMIM DANTAS DA COSTA SOUZA</logger>
  <level>FINE</level>
  <message>File 124110564-YASMIM DANTAS DA COSTA SOUZA.zip was received. It was sent by YASMIM DANTAS DA COSTA SOUZA from IP 192.168.0.100 at 29-06-2025 22*38*21</message>
</record>
